<?xml version="1.0" encoding="UTF-8"?>
<!-- Generated by org.testng.reporters.JUnitReportReporter -->
<testsuite hostname="KarthikHome" failures="0" tests="5" name="api.TestClassAPi" time="8.345" errors="0" timestamp="2023-08-21T09:38:14 IST" skipped="0">
  <testcase classname="api.TestClassAPi" name="restBookerCreate" time="3.220"/>
  <system-out/>
  <testcase classname="api.TestClassAPi" name="createToken" time="1.298"/>
  <system-out/>
  <testcase classname="api.TestClassAPi" name="restBooker_Get" time="1.285"/>
  <system-out/>
  <testcase classname="api.TestClassAPi" name="restBooker_Put" time="1.286"/>
  <system-out/>
  <testcase classname="api.TestClassAPi" name="restBooker_Delete" time="1.256"/>
  <system-out/>
</testsuite> <!-- api.TestClassAPi -->
